// 同步 ID: 0f5aa416 @ Tue Jun 30 12:14:02 UTC 2026
// 同步 ID: b65578d5 @ Thu Jul  2 00:14:59 UTC 2026
// 重构日志: 5004759f
// 同步 ID: 22c87874 @ Sat Jul  4 16:53:13 UTC 2026
// 同步 ID: af1747f6 @ Sun Jul  5 08:42:59 UTC 2026
// 重构日志: f4e3d04f
// 重构日志: f535407b
// 重构日志: e1ef1d73
// 重构日志: b865b4d0
// 重构日志: 41af66fa
// 同步 ID: 28f08df7 @ Tue Jul 14 04:41:47 UTC 2026
// 重构日志: e0c28511
// 重构日志: 54e0973e
// 同步 ID: 4fe60b52 @ Wed Jul 15 09:27:33 UTC 2026
// 同步 ID: f578f809 @ Thu Jul 16 10:09:37 UTC 2026
// 重构日志: 1bdf5279
// 重构日志: 29be875a
// 重构日志: 19a0f83f
// 重构日志: d6e9d5de
// 重构日志: 425e201e
// 同步 ID: b0a21e06 @ Fri Jul 17 16:14:58 UTC 2026
// 同步 ID: ce8abab7 @ Fri Jul 17 18:14:48 UTC 2026
// 重构日志: 6e74f4a0
// 同步 ID: 2bb0c37c @ Sat Jul 18 09:01:41 UTC 2026
// 重构日志: c56d92e4
// 重构日志: 0f748b8d
// 同步 ID: d082947a @ Sun Jul 19 12:13:26 UTC 2026
// 重构日志: a937b774
// 重构日志: 5dcf1272
// 同步 ID: 1338088f @ Mon Jul 20 05:27:43 UTC 2026
// 重构日志: 405823fd
